Wed Jan  6 14:30:09 2016 - *** Starting uWSGI 2.0.11.2 (64bit) on [Wed Jan  6 14:30:09 2016] ***
Wed Jan  6 14:30:09 2016 - compiled with version: 4.4.7 20120313 (Red Hat 4.4.7-16) on 29 December 2015 14:12:31
Wed Jan  6 14:30:09 2016 - os: Linux-2.6.32-431.23.3.el6.x86_64 #1 SMP Thu Jul 31 17:20:51 UTC 2014
Wed Jan  6 14:30:09 2016 - nodename: Jal
Wed Jan  6 14:30:09 2016 - machine: x86_64
Wed Jan  6 14:30:09 2016 - clock source: unix
Wed Jan  6 14:30:09 2016 - detected number of CPU cores: 1
Wed Jan  6 14:30:09 2016 - current working directory: /
Wed Jan  6 14:30:09 2016 - writing pidfile to /var/run/uwsgi9888.pid
Wed Jan  6 14:30:09 2016 - detected binary path: /usr/local/python2.7/bin/uwsgi
Wed Jan  6 14:30:09 2016 - !!! no internal routing support, rebuild with pcre support !!!
Wed Jan  6 14:30:09 2016 - uWSGI running as root, you can use --uid/--gid/--chroot options
Wed Jan  6 14:30:09 2016 - *** WARNING: you are running uWSGI as root !!! (use the --uid flag) *** 
Wed Jan  6 14:30:09 2016 - chdir() to /home/suriealli/python-django/bbs
Wed Jan  6 14:30:09 2016 - your processes number limit is 65535
Wed Jan  6 14:30:09 2016 - limiting address space of processes...
Wed Jan  6 14:30:09 2016 - your process address space limit is 6341787648 bytes (6048 MB)
Wed Jan  6 14:30:09 2016 - your memory page size is 4096 bytes
Wed Jan  6 14:30:09 2016 - detected max file descriptor number: 51200
Wed Jan  6 14:30:09 2016 - lock engine: pthread robust mutexes
Wed Jan  6 14:30:09 2016 - thunder lock: disabled (you can enable it with --thunder-lock)
Wed Jan  6 14:30:09 2016 - uwsgi socket 0 bound to TCP address 0.0.0.0:9888 fd 3
Wed Jan  6 14:30:09 2016 - Python version: 2.7.10 (default, Dec 10 2015, 17:16:38)  [GCC 4.4.7 20120313 (Red Hat 4.4.7-16)]
Wed Jan  6 14:30:09 2016 - Python main interpreter initialized at 0x1cf4790
Wed Jan  6 14:30:09 2016 - python threads support enabled
Wed Jan  6 14:30:09 2016 - your server socket listen backlog is limited to 100 connections
Wed Jan  6 14:30:09 2016 - your mercy for graceful operations on workers is 60 seconds
Wed Jan  6 14:30:09 2016 - mapped 145536 bytes (142 KB) for 1 cores
Wed Jan  6 14:30:09 2016 - *** Operational MODE: single process ***
Wed Jan  6 14:30:09 2016 - added /usr/local/python2.7/ to pythonpath.
Wed Jan  6 14:30:10 2016 - WSGI app 0 (mountpoint='') ready in 1 seconds on interpreter 0x1cf4790 pid: 6518 (default app)
Wed Jan  6 14:30:10 2016 - *** uWSGI is running in multiple interpreter mode ***
Wed Jan  6 14:30:10 2016 - spawned uWSGI master process (pid: 6518)
Wed Jan  6 14:30:10 2016 - spawned uWSGI worker 1 (pid: 6522, cores: 1)
{address space usage: 157184000 bytes/149MB} {rss usage: 25886720 bytes/24MB} [pid: 6522|app: 0|req: 1/1] 202.105.45.122 () {44 vars in 826 bytes} [Wed Jan  6 14:30:13 2016] GET / => generated 1767 bytes in 20 msecs (HTTP/1.1 200) 2 headers in 73 bytes (1 switches on core 0)
{address space usage: 157184000 bytes/149MB} {rss usage: 26005504 bytes/24MB} [pid: 6522|app: 0|req: 2/2] 202.105.45.122 () {42 vars in 805 bytes} [Wed Jan  6 14:30:17 2016] GET /admin => generated 0 bytes in 1 msecs (HTTP/1.1 301) 3 headers in 144 bytes (1 switches on core 0)
{address space usage: 158773248 bytes/151MB} {rss usage: 28291072 bytes/26MB} [pid: 6522|app: 0|req: 3/3] 202.105.45.122 () {42 vars in 807 bytes} [Wed Jan  6 14:30:17 2016] GET /admin/ => generated 4454 bytes in 186 msecs (HTTP/1.1 200) 6 headers in 214 bytes (1 switches on core 0)
Wed Jan  6 14:43:43 2016 - SIGINT/SIGQUIT received...killing workers...
Wed Jan  6 14:43:44 2016 - worker 1 buried after 1 seconds
Wed Jan  6 14:43:44 2016 - goodbye to uWSGI.
Wed Jan  6 14:43:45 2016 - *** Starting uWSGI 2.0.11.2 (64bit) on [Wed Jan  6 14:43:45 2016] ***
Wed Jan  6 14:43:45 2016 - compiled with version: 4.4.7 20120313 (Red Hat 4.4.7-16) on 29 December 2015 14:12:31
Wed Jan  6 14:43:45 2016 - os: Linux-2.6.32-431.23.3.el6.x86_64 #1 SMP Thu Jul 31 17:20:51 UTC 2014
Wed Jan  6 14:43:45 2016 - nodename: Jal
Wed Jan  6 14:43:45 2016 - machine: x86_64
Wed Jan  6 14:43:45 2016 - clock source: unix
Wed Jan  6 14:43:45 2016 - detected number of CPU cores: 1
Wed Jan  6 14:43:45 2016 - current working directory: /
Wed Jan  6 14:43:45 2016 - writing pidfile to /var/run/uwsgi9888.pid
Wed Jan  6 14:43:45 2016 - detected binary path: /usr/local/python2.7/bin/uwsgi
Wed Jan  6 14:43:45 2016 - !!! no internal routing support, rebuild with pcre support !!!
Wed Jan  6 14:43:45 2016 - uWSGI running as root, you can use --uid/--gid/--chroot options
Wed Jan  6 14:43:45 2016 - *** WARNING: you are running uWSGI as root !!! (use the --uid flag) *** 
Wed Jan  6 14:43:45 2016 - chdir() to /home/suriealli/python-django/bbs
Wed Jan  6 14:43:45 2016 - your processes number limit is 65535
Wed Jan  6 14:43:45 2016 - limiting address space of processes...
Wed Jan  6 14:43:45 2016 - your process address space limit is 6341787648 bytes (6048 MB)
Wed Jan  6 14:43:45 2016 - your memory page size is 4096 bytes
Wed Jan  6 14:43:45 2016 - detected max file descriptor number: 51200
Wed Jan  6 14:43:45 2016 - lock engine: pthread robust mutexes
Wed Jan  6 14:43:45 2016 - thunder lock: disabled (you can enable it with --thunder-lock)
Wed Jan  6 14:43:45 2016 - uwsgi socket 0 bound to TCP address 0.0.0.0:9888 fd 3
Wed Jan  6 14:43:45 2016 - Python version: 2.7.10 (default, Dec 10 2015, 17:16:38)  [GCC 4.4.7 20120313 (Red Hat 4.4.7-16)]
Wed Jan  6 14:43:45 2016 - Python main interpreter initialized at 0xeb9790
Wed Jan  6 14:43:45 2016 - python threads support enabled
Wed Jan  6 14:43:45 2016 - your server socket listen backlog is limited to 100 connections
Wed Jan  6 14:43:45 2016 - your mercy for graceful operations on workers is 60 seconds
Wed Jan  6 14:43:45 2016 - mapped 145536 bytes (142 KB) for 1 cores
Wed Jan  6 14:43:45 2016 - *** Operational MODE: single process ***
Wed Jan  6 14:43:45 2016 - added /usr/local/python2.7/ to pythonpath.
/usr/local/python2.7/lib/python2.7/site-packages/Django-1.8.5-py2.7.egg/django/contrib/sites/models.py:78: RemovedInDjango19Warning: Model class django.contrib.sites.models.Site doesn't declare an explicit app_label and either isn't in an application in INSTALLED_APPS or else was imported before its application was loaded. This will no longer be supported in Django 1.9.
  class Site(models.Model):

Wed Jan  6 14:43:45 2016 - WSGI app 0 (mountpoint='') ready in 0 seconds on interpreter 0xeb9790 pid: 6967 (default app)
Wed Jan  6 14:43:45 2016 - *** uWSGI is running in multiple interpreter mode ***
Wed Jan  6 14:43:45 2016 - spawned uWSGI master process (pid: 6967)
Wed Jan  6 14:43:45 2016 - spawned uWSGI worker 1 (pid: 6971, cores: 1)
{address space usage: 158871552 bytes/151MB} {rss usage: 28487680 bytes/27MB} [pid: 6971|app: 0|req: 1/1] 202.105.45.122 () {46 vars in 893 bytes} [Wed Jan  6 14:43:47 2016] GET /admin/ => generated 115250 bytes in 207 msecs (HTTP/1.1 500) 3 headers in 106 bytes (1 switches on core 0)
Wed Jan  6 14:44:40 2016 - SIGINT/SIGQUIT received...killing workers...
Wed Jan  6 14:44:41 2016 - worker 1 buried after 1 seconds
Wed Jan  6 14:44:41 2016 - goodbye to uWSGI.
Wed Jan  6 14:50:13 2016 - *** Starting uWSGI 2.0.11.2 (64bit) on [Wed Jan  6 14:50:13 2016] ***
Wed Jan  6 14:50:13 2016 - compiled with version: 4.4.7 20120313 (Red Hat 4.4.7-16) on 29 December 2015 14:12:31
Wed Jan  6 14:50:13 2016 - os: Linux-2.6.32-431.23.3.el6.x86_64 #1 SMP Thu Jul 31 17:20:51 UTC 2014
Wed Jan  6 14:50:13 2016 - nodename: Jal
Wed Jan  6 14:50:13 2016 - machine: x86_64
Wed Jan  6 14:50:13 2016 - clock source: unix
Wed Jan  6 14:50:13 2016 - detected number of CPU cores: 1
Wed Jan  6 14:50:13 2016 - current working directory: /
Wed Jan  6 14:50:13 2016 - writing pidfile to /var/run/uwsgi9888.pid
Wed Jan  6 14:50:13 2016 - detected binary path: /usr/local/python2.7/bin/uwsgi
Wed Jan  6 14:50:13 2016 - !!! no internal routing support, rebuild with pcre support !!!
Wed Jan  6 14:50:13 2016 - uWSGI running as root, you can use --uid/--gid/--chroot options
Wed Jan  6 14:50:13 2016 - *** WARNING: you are running uWSGI as root !!! (use the --uid flag) *** 
Wed Jan  6 14:50:13 2016 - chdir() to /home/suriealli/python-django/bbs
Wed Jan  6 14:50:13 2016 - your processes number limit is 65535
Wed Jan  6 14:50:13 2016 - limiting address space of processes...
Wed Jan  6 14:50:13 2016 - your process address space limit is 6341787648 bytes (6048 MB)
Wed Jan  6 14:50:13 2016 - your memory page size is 4096 bytes
Wed Jan  6 14:50:13 2016 - detected max file descriptor number: 51200
Wed Jan  6 14:50:13 2016 - lock engine: pthread robust mutexes
Wed Jan  6 14:50:13 2016 - thunder lock: disabled (you can enable it with --thunder-lock)
Wed Jan  6 14:50:13 2016 - uwsgi socket 0 bound to TCP address 0.0.0.0:9888 fd 3
Wed Jan  6 14:50:13 2016 - Python version: 2.7.10 (default, Dec 10 2015, 17:16:38)  [GCC 4.4.7 20120313 (Red Hat 4.4.7-16)]
Wed Jan  6 14:50:13 2016 - Python main interpreter initialized at 0x2789790
Wed Jan  6 14:50:13 2016 - python threads support enabled
Wed Jan  6 14:50:13 2016 - your server socket listen backlog is limited to 100 connections
Wed Jan  6 14:50:13 2016 - your mercy for graceful operations on workers is 60 seconds
Wed Jan  6 14:50:13 2016 - mapped 145536 bytes (142 KB) for 1 cores
Wed Jan  6 14:50:13 2016 - *** Operational MODE: single process ***
Wed Jan  6 14:50:13 2016 - added /usr/local/python2.7/ to pythonpath.
Wed Jan  6 14:50:13 2016 - WSGI app 0 (mountpoint='') ready in 0 seconds on interpreter 0x2789790 pid: 7365 (default app)
Wed Jan  6 14:50:13 2016 - *** uWSGI is running in multiple interpreter mode ***
Wed Jan  6 14:50:13 2016 - spawned uWSGI master process (pid: 7365)
Wed Jan  6 14:50:13 2016 - spawned uWSGI worker 1 (pid: 7369, cores: 1)
{address space usage: 159334400 bytes/151MB} {rss usage: 28934144 bytes/27MB} [pid: 7369|app: 0|req: 1/1] 202.105.45.122 () {44 vars in 838 bytes} [Wed Jan  6 14:50:21 2016] GET /admin/ => generated 5789 bytes in 162 msecs (HTTP/1.1 200) 6 headers in 214 bytes (1 switches on core 0)
{address space usage: 159334400 bytes/151MB} {rss usage: 28958720 bytes/27MB} [pid: 7369|app: 0|req: 2/2] 183.60.15.20 () {38 vars in 556 bytes} [Wed Jan  6 15:16:29 2016] GET / => generated 2011 bytes in 5 msecs (HTTP/1.0 404) 2 headers in 80 bytes (1 switches on core 0)
{address space usage: 159334400 bytes/151MB} {rss usage: 28958720 bytes/27MB} [pid: 7369|app: 0|req: 3/3] 183.60.15.20 () {34 vars in 537 bytes} [Wed Jan  6 15:16:29 2016] GET / => generated 2011 bytes in 4 msecs (HTTP/1.1 404) 2 headers in 80 bytes (1 switches on core 0)
{address space usage: 159334400 bytes/151MB} {rss usage: 28958720 bytes/27MB} [pid: 7369|app: 0|req: 4/4] 202.105.45.122 () {42 vars in 763 bytes} [Wed Jan  6 15:16:35 2016] GET / => generated 2011 bytes in 4 msecs (HTTP/1.1 404) 2 headers in 80 bytes (1 switches on core 0)
{address space usage: 159334400 bytes/151MB} {rss usage: 28958720 bytes/27MB} [pid: 7369|app: 0|req: 5/5] 202.105.45.122 () {42 vars in 718 bytes} [Wed Jan  6 15:16:35 2016] GET /favicon.ico => generated 2044 bytes in 4 msecs (HTTP/1.1 404) 2 headers in 80 bytes (1 switches on core 0)
{address space usage: 159334400 bytes/151MB} {rss usage: 28958720 bytes/27MB} [pid: 7369|app: 0|req: 6/6] 202.105.45.122 () {42 vars in 762 bytes} [Wed Jan  6 15:16:40 2016] GET / => generated 2011 bytes in 4 msecs (HTTP/1.1 404) 2 headers in 80 bytes (1 switches on core 0)
{address space usage: 159334400 bytes/151MB} {rss usage: 28958720 bytes/27MB} [pid: 7369|app: 0|req: 7/7] 202.105.45.122 () {42 vars in 717 bytes} [Wed Jan  6 15:16:41 2016] GET /favicon.ico => generated 2044 bytes in 4 msecs (HTTP/1.1 404) 2 headers in 80 bytes (1 switches on core 0)
{address space usage: 159334400 bytes/151MB} {rss usage: 28958720 bytes/27MB} [pid: 7369|app: 0|req: 8/8] 202.105.45.122 () {42 vars in 762 bytes} [Wed Jan  6 15:16:52 2016] GET / => generated 2011 bytes in 4 msecs (HTTP/1.1 404) 2 headers in 80 bytes (1 switches on core 0)
{address space usage: 159334400 bytes/151MB} {rss usage: 28958720 bytes/27MB} [pid: 7369|app: 0|req: 9/9] 202.105.45.122 () {38 vars in 661 bytes} [Wed Jan  6 15:17:01 2016] GET /favicon.ico => generated 2044 bytes in 4 msecs (HTTP/1.1 404) 2 headers in 80 bytes (1 switches on core 0)
{address space usage: 159334400 bytes/151MB} {rss usage: 28958720 bytes/27MB} [pid: 7369|app: 0|req: 10/10] 202.105.45.122 () {42 vars in 762 bytes} [Wed Jan  6 15:17:02 2016] GET / => generated 2011 bytes in 4 msecs (HTTP/1.1 404) 2 headers in 80 bytes (1 switches on core 0)
{address space usage: 159334400 bytes/151MB} {rss usage: 28958720 bytes/27MB} [pid: 7369|app: 0|req: 11/11] 202.105.45.122 () {42 vars in 717 bytes} [Wed Jan  6 15:17:02 2016] GET /favicon.ico => generated 2044 bytes in 4 msecs (HTTP/1.1 404) 2 headers in 80 bytes (1 switches on core 0)
{address space usage: 159334400 bytes/151MB} {rss usage: 28958720 bytes/27MB} [pid: 7369|app: 0|req: 12/12] 202.105.45.122 () {38 vars in 660 bytes} [Wed Jan  6 15:17:05 2016] GET /favicon.ico => generated 2044 bytes in 4 msecs (HTTP/1.1 404) 2 headers in 80 bytes (1 switches on core 0)
{address space usage: 159334400 bytes/151MB} {rss usage: 28958720 bytes/27MB} [pid: 7369|app: 0|req: 13/13] 202.105.45.122 () {42 vars in 772 bytes} [Wed Jan  6 15:17:07 2016] GET /index => generated 2026 bytes in 4 msecs (HTTP/1.1 404) 2 headers in 80 bytes (1 switches on core 0)
{address space usage: 159334400 bytes/151MB} {rss usage: 28958720 bytes/27MB} [pid: 7369|app: 0|req: 14/14] 202.105.45.122 () {42 vars in 773 bytes} [Wed Jan  6 15:17:37 2016] GET /admin => generated 0 bytes in 1 msecs (HTTP/1.1 301) 3 headers in 144 bytes (1 switches on core 0)
{address space usage: 159334400 bytes/151MB} {rss usage: 28958720 bytes/27MB} [pid: 7369|app: 0|req: 15/15] 202.105.45.122 () {42 vars in 775 bytes} [Wed Jan  6 15:17:37 2016] GET /admin/ => generated 0 bytes in 37 msecs (HTTP/1.1 302) 7 headers in 277 bytes (1 switches on core 0)
{address space usage: 159334400 bytes/151MB} {rss usage: 29040640 bytes/27MB} [pid: 7369|app: 0|req: 16/16] 202.105.45.122 () {42 vars in 812 bytes} [Wed Jan  6 15:17:37 2016] GET /admin/login/?next=/admin/ => generated 1919 bytes in 35 msecs (HTTP/1.1 200) 7 headers in 336 bytes (1 switches on core 0)
{address space usage: 159596544 bytes/152MB} {rss usage: 29057024 bytes/27MB} [pid: 7369|app: 0|req: 17/17] 202.105.45.122 () {46 vars in 851 bytes} [Wed Jan  6 15:17:49 2016] GET / => generated 2011 bytes in 5 msecs (HTTP/1.1 404) 2 headers in 80 bytes (1 switches on core 0)
{address space usage: 159596544 bytes/152MB} {rss usage: 29057024 bytes/27MB} [pid: 7369|app: 0|req: 18/18] 202.105.45.122 () {44 vars in 828 bytes} [Wed Jan  6 15:17:57 2016] GET /test => generated 2023 bytes in 4 msecs (HTTP/1.1 404) 2 headers in 80 bytes (1 switches on core 0)
Wed Jan  6 15:32:34 2016 - SIGINT/SIGQUIT received...killing workers...
Wed Jan  6 15:32:35 2016 - worker 1 buried after 1 seconds
Wed Jan  6 15:32:35 2016 - goodbye to uWSGI.
Wed Jan  6 15:32:35 2016 - *** Starting uWSGI 2.0.11.2 (64bit) on [Wed Jan  6 15:32:35 2016] ***
Wed Jan  6 15:32:35 2016 - compiled with version: 4.4.7 20120313 (Red Hat 4.4.7-16) on 29 December 2015 14:12:31
Wed Jan  6 15:32:35 2016 - os: Linux-2.6.32-431.23.3.el6.x86_64 #1 SMP Thu Jul 31 17:20:51 UTC 2014
Wed Jan  6 15:32:35 2016 - nodename: Jal
Wed Jan  6 15:32:35 2016 - machine: x86_64
Wed Jan  6 15:32:35 2016 - clock source: unix
Wed Jan  6 15:32:35 2016 - detected number of CPU cores: 1
Wed Jan  6 15:32:35 2016 - current working directory: /
Wed Jan  6 15:32:35 2016 - writing pidfile to /var/run/uwsgi9888.pid
Wed Jan  6 15:32:35 2016 - detected binary path: /usr/local/python2.7/bin/uwsgi
Wed Jan  6 15:32:35 2016 - !!! no internal routing support, rebuild with pcre support !!!
Wed Jan  6 15:32:35 2016 - uWSGI running as root, you can use --uid/--gid/--chroot options
Wed Jan  6 15:32:35 2016 - *** WARNING: you are running uWSGI as root !!! (use the --uid flag) *** 
Wed Jan  6 15:32:35 2016 - chdir() to /home/suriealli/python-django/bbs
Wed Jan  6 15:32:35 2016 - your processes number limit is 65535
Wed Jan  6 15:32:35 2016 - limiting address space of processes...
Wed Jan  6 15:32:35 2016 - your process address space limit is 6341787648 bytes (6048 MB)
Wed Jan  6 15:32:35 2016 - your memory page size is 4096 bytes
Wed Jan  6 15:32:35 2016 - detected max file descriptor number: 51200
Wed Jan  6 15:32:35 2016 - lock engine: pthread robust mutexes
Wed Jan  6 15:32:35 2016 - thunder lock: disabled (you can enable it with --thunder-lock)
Wed Jan  6 15:32:35 2016 - uwsgi socket 0 bound to TCP address 0.0.0.0:9888 fd 3
Wed Jan  6 15:32:35 2016 - Python version: 2.7.10 (default, Dec 10 2015, 17:16:38)  [GCC 4.4.7 20120313 (Red Hat 4.4.7-16)]
Wed Jan  6 15:32:35 2016 - Python main interpreter initialized at 0x2336790
Wed Jan  6 15:32:35 2016 - python threads support enabled
Wed Jan  6 15:32:35 2016 - your server socket listen backlog is limited to 100 connections
Wed Jan  6 15:32:35 2016 - your mercy for graceful operations on workers is 60 seconds
Wed Jan  6 15:32:35 2016 - mapped 145536 bytes (142 KB) for 1 cores
Wed Jan  6 15:32:35 2016 - *** Operational MODE: single process ***
Wed Jan  6 15:32:35 2016 - added /usr/local/python2.7/ to pythonpath.
Wed Jan  6 15:32:36 2016 - WSGI app 0 (mountpoint='') ready in 1 seconds on interpreter 0x2336790 pid: 8856 (default app)
Wed Jan  6 15:32:36 2016 - *** uWSGI is running in multiple interpreter mode ***
Wed Jan  6 15:32:36 2016 - spawned uWSGI master process (pid: 8856)
Wed Jan  6 15:32:36 2016 - spawned uWSGI worker 1 (pid: 8860, cores: 1)
